2026-06-10 01:13:43 - engine - INFO - Loading training and validation datasets...
2026-06-10 01:13:44 - engine - INFO - Applying Data Augmentation...
2026-06-10 01:13:44 - engine - INFO - 
==================================================
BẮT ĐẦU TRAIN MODEL: LSTM
==================================================
2026-06-10 01:13:44 - engine - INFO - Initializing lstm model for training...
2026-06-10 01:15:19 - engine - INFO - Training completed. Best model for lstm saved at: /content/DEEPLEARNING/results/lstm/checkpoints/best_model.pt
2026-06-10 01:15:19 - engine - INFO - Generating training plots for lstm...
2026-06-10 01:15:20 - engine - INFO - 
==================================================
BẮT ĐẦU TRAIN MODEL: BILSTM
==================================================
2026-06-10 01:15:20 - engine - INFO - Initializing bilstm model for training...
2026-06-10 01:17:18 - engine - INFO - Training completed. Best model for bilstm saved at: /content/DEEPLEARNING/results/bilstm/checkpoints/best_model.pt
2026-06-10 01:17:18 - engine - INFO - Generating training plots for bilstm...
2026-06-10 01:17:19 - engine - INFO - 
==================================================
BẮT ĐẦU TRAIN MODEL: TRANSFORMER
==================================================
2026-06-10 01:17:19 - engine - INFO - Initializing transformer model for training...
2026-06-10 01:21:25 - engine - INFO - Training completed. Best model for transformer saved at: /content/DEEPLEARNING/results/transformer/checkpoints/best_model.pt
2026-06-10 01:21:25 - engine - INFO - Generating training plots for transformer...
2026-06-10 01:21:26 - engine - INFO - 
==================================================
BẮT ĐẦU TRAIN MODEL: PHOBERT
==================================================
2026-06-10 01:21:26 - engine - INFO - Initializing phobert model for training...
2026-06-10 02:25:40 - engine - INFO - Training completed. Best model for phobert saved at: /content/DEEPLEARNING/results/phobert/checkpoints/best_model.pt
2026-06-10 02:25:40 - engine - INFO - Generating training plots for phobert...
2026-06-10 02:25:40 - engine - INFO - 
==================================================
BẮT ĐẦU TRAIN MODEL: PHOBERT-LORA
==================================================
2026-06-10 02:25:40 - engine - INFO - Initializing phobert-lora model for training...
2026-06-10 03:21:08 - engine - INFO - Training completed. Best model for phobert-lora saved at: /content/DEEPLEARNING/results/phobert-lora/checkpoints/best_model.pt
2026-06-10 03:21:08 - engine - INFO - Generating training plots for phobert-lora...
