2026-06-10 05:55:16 - engine - INFO - Loading evaluation (test) dataset...
2026-06-10 05:55:16 - engine - INFO - 
==================================================
BẮT ĐẦU ĐÁNH GIÁ MODEL: TRANSFORMER
==================================================
2026-06-10 05:55:16 - engine - INFO - Loading weights from checkpoint: results/transformer_qat/checkpoints/best_model.pt
2026-06-10 05:55:17 - engine - INFO - QAT float checkpoint detected → preparing model for QAT before loading.
2026-06-10 05:55:17 - engine - INFO - Running evaluation cycle...
2026-06-10 05:55:23 - engine - INFO - 
Token-Level Evaluation Report (TRANSFORMER):
2026-06-10 05:55:23 - engine - INFO - Overall Accuracy: 0.9342
2026-06-10 05:55:23 - engine - INFO - Macro F1-Score: 0.6631
2026-06-10 05:55:23 - engine - INFO - 
Entity-Level BIO Evaluation Report (TRANSFORMER):
2026-06-10 05:55:23 - engine - INFO - Overall F1-Score: 0.7573
2026-06-10 05:55:23 - engine - INFO - 
Detailed Entity Report (TRANSFORMER):
                     precision    recall  f1-score   support

                AGE       0.85      0.92      0.88       582
               DATE       0.80      0.91      0.85      1654
             GENDER       0.90      0.96      0.93       462
                JOB       0.50      0.39      0.44       173
           LOCATION       0.64      0.79      0.71      4441
               NAME       0.90      0.62      0.73       318
       ORGANIZATION       0.54      0.63      0.58       771
         PATIENT_ID       0.92      0.84      0.88      2005
SYMPTOM_AND_DISEASE       0.63      0.69      0.66      1136
     TRANSPORTATION       0.79      0.77      0.78       193

          micro avg       0.72      0.80      0.76     11735
          macro avg       0.75      0.75      0.74     11735
       weighted avg       0.73      0.80      0.76     11735

