2026-06-10 03:59:19 - student_distilled_lstm_crf_True - INFO - Model params: total=19,776,972, trainable=19,776,972
2026-06-10 04:00:46 - student_distilled_lstm_crf_True - INFO - Epoch 1 train_loss=6.4804, train_acc=0.7454
2026-06-10 04:00:56 - student_distilled_lstm_crf_True - INFO - Epoch 1 val_loss=8.5147, val_acc=0.6718
2026-06-10 04:00:56 - student_distilled_lstm_crf_True - INFO - Saved checkpoint: /content/DEEPLEARNING/results/lstm_distilled_crf/checkpoints/001_model.pt
2026-06-10 04:00:56 - student_distilled_lstm_crf_True - INFO - New best model saved at epoch 1 with val_loss 8.5147
2026-06-10 04:02:22 - student_distilled_lstm_crf_True - INFO - Epoch 2 train_loss=1.9022, train_acc=0.7112
2026-06-10 04:02:32 - student_distilled_lstm_crf_True - INFO - Epoch 2 val_loss=6.0990, val_acc=0.6659
2026-06-10 04:02:33 - student_distilled_lstm_crf_True - INFO - Saved checkpoint: /content/DEEPLEARNING/results/lstm_distilled_crf/checkpoints/002_model.pt
2026-06-10 04:02:33 - student_distilled_lstm_crf_True - INFO - New best model saved at epoch 2 with val_loss 6.0990
2026-06-10 04:03:59 - student_distilled_lstm_crf_True - INFO - Epoch 3 train_loss=1.3293, train_acc=0.7086
2026-06-10 04:04:09 - student_distilled_lstm_crf_True - INFO - Epoch 3 val_loss=5.1170, val_acc=0.6642
2026-06-10 04:04:09 - student_distilled_lstm_crf_True - INFO - Saved checkpoint: /content/DEEPLEARNING/results/lstm_distilled_crf/checkpoints/003_model.pt
2026-06-10 04:04:09 - student_distilled_lstm_crf_True - INFO - New best model saved at epoch 3 with val_loss 5.1170
2026-06-10 04:05:36 - student_distilled_lstm_crf_True - INFO - Epoch 4 train_loss=1.0306, train_acc=0.7072
2026-06-10 04:05:46 - student_distilled_lstm_crf_True - INFO - Epoch 4 val_loss=4.5653, val_acc=0.6609
2026-06-10 04:05:46 - student_distilled_lstm_crf_True - INFO - Saved checkpoint: /content/DEEPLEARNING/results/lstm_distilled_crf/checkpoints/004_model.pt
2026-06-10 04:05:46 - student_distilled_lstm_crf_True - INFO - New best model saved at epoch 4 with val_loss 4.5653
2026-06-10 04:07:13 - student_distilled_lstm_crf_True - INFO - Epoch 5 train_loss=0.8273, train_acc=0.7069
2026-06-10 04:07:22 - student_distilled_lstm_crf_True - INFO - Epoch 5 val_loss=4.2703, val_acc=0.6602
2026-06-10 04:07:22 - student_distilled_lstm_crf_True - INFO - Saved checkpoint: /content/DEEPLEARNING/results/lstm_distilled_crf/checkpoints/005_model.pt
2026-06-10 04:07:23 - student_distilled_lstm_crf_True - INFO - New best model saved at epoch 5 with val_loss 4.2703
2026-06-10 04:08:49 - student_distilled_lstm_crf_True - INFO - Epoch 6 train_loss=0.6700, train_acc=0.7069
2026-06-10 04:08:59 - student_distilled_lstm_crf_True - INFO - Epoch 6 val_loss=4.0249, val_acc=0.6591
2026-06-10 04:08:59 - student_distilled_lstm_crf_True - INFO - Saved checkpoint: /content/DEEPLEARNING/results/lstm_distilled_crf/checkpoints/006_model.pt
2026-06-10 04:08:59 - student_distilled_lstm_crf_True - INFO - New best model saved at epoch 6 with val_loss 4.0249
2026-06-10 04:10:26 - student_distilled_lstm_crf_True - INFO - Epoch 7 train_loss=0.5679, train_acc=0.7067
2026-06-10 04:10:36 - student_distilled_lstm_crf_True - INFO - Epoch 7 val_loss=4.0364, val_acc=0.6583
2026-06-10 04:10:36 - student_distilled_lstm_crf_True - INFO - Saved checkpoint: /content/DEEPLEARNING/results/lstm_distilled_crf/checkpoints/007_model.pt
2026-06-10 04:12:02 - student_distilled_lstm_crf_True - INFO - Epoch 8 train_loss=0.4588, train_acc=0.7070
2026-06-10 04:12:12 - student_distilled_lstm_crf_True - INFO - Epoch 8 val_loss=4.6009, val_acc=0.6642
2026-06-10 04:12:12 - student_distilled_lstm_crf_True - INFO - Saved checkpoint: /content/DEEPLEARNING/results/lstm_distilled_crf/checkpoints/008_model.pt
2026-06-10 04:13:38 - student_distilled_lstm_crf_True - INFO - Epoch 9 train_loss=0.3684, train_acc=0.7074
2026-06-10 04:13:48 - student_distilled_lstm_crf_True - INFO - Epoch 9 val_loss=4.0324, val_acc=0.6598
2026-06-10 04:13:48 - student_distilled_lstm_crf_True - INFO - Saved checkpoint: /content/DEEPLEARNING/results/lstm_distilled_crf/checkpoints/009_model.pt
2026-06-10 04:15:15 - student_distilled_lstm_crf_True - INFO - Epoch 10 train_loss=0.3186, train_acc=0.7076
2026-06-10 04:15:24 - student_distilled_lstm_crf_True - INFO - Epoch 10 val_loss=3.8871, val_acc=0.6567
2026-06-10 04:15:25 - student_distilled_lstm_crf_True - INFO - Saved checkpoint: /content/DEEPLEARNING/results/lstm_distilled_crf/checkpoints/010_model.pt
2026-06-10 04:15:25 - student_distilled_lstm_crf_True - INFO - New best model saved at epoch 10 with val_loss 3.8871
