2026-06-10 04:52:32 - lstm_qat_crf_True - INFO - Model params: total=19,776,972, trainable=19,776,972
2026-06-10 04:52:32 - lstm_qat_crf_True - INFO - === STARTING QAT PIPELINE ===
2026-06-10 04:52:32 - lstm_qat_crf_True - INFO - Auto preparing model for QAT...
2026-06-10 04:52:32 - lstm_qat_crf_True - INFO - Model prepared for QAT (FakeQuant nodes attached)
2026-06-10 04:56:57 - lstm_qat_crf_True - INFO - Epoch 1 train_loss=69.3063, train_acc=0.6713
2026-06-10 04:58:10 - lstm_qat_crf_True - INFO - Epoch 1 val_loss=60.0605, val_acc=0.7486
2026-06-10 04:58:11 - lstm_qat_crf_True - INFO - Saved checkpoint: /content/DEEPLEARNING/results/lstm_qat_crf/checkpoints/001_model.pt
2026-06-10 04:58:11 - lstm_qat_crf_True - INFO - New best model saved at epoch 1 with val_loss 60.0605
2026-06-10 05:02:36 - lstm_qat_crf_True - INFO - Epoch 2 train_loss=44.0388, train_acc=0.7902
2026-06-10 05:03:50 - lstm_qat_crf_True - INFO - Epoch 2 val_loss=38.6948, val_acc=0.7492
2026-06-10 05:03:50 - lstm_qat_crf_True - INFO - Saved checkpoint: /content/DEEPLEARNING/results/lstm_qat_crf/checkpoints/002_model.pt
2026-06-10 05:03:50 - lstm_qat_crf_True - INFO - New best model saved at epoch 2 with val_loss 38.6948
2026-06-10 05:08:15 - lstm_qat_crf_True - INFO - Epoch 3 train_loss=28.4762, train_acc=0.7905
2026-06-10 05:09:28 - lstm_qat_crf_True - INFO - Epoch 3 val_loss=28.3074, val_acc=0.7492
2026-06-10 05:09:29 - lstm_qat_crf_True - INFO - Saved checkpoint: /content/DEEPLEARNING/results/lstm_qat_crf/checkpoints/003_model.pt
2026-06-10 05:09:29 - lstm_qat_crf_True - INFO - New best model saved at epoch 3 with val_loss 28.3074
2026-06-10 05:13:54 - lstm_qat_crf_True - INFO - Epoch 4 train_loss=21.5423, train_acc=0.7913
2026-06-10 05:15:07 - lstm_qat_crf_True - INFO - Epoch 4 val_loss=23.5717, val_acc=0.7494
2026-06-10 05:15:08 - lstm_qat_crf_True - INFO - Saved checkpoint: /content/DEEPLEARNING/results/lstm_qat_crf/checkpoints/004_model.pt
2026-06-10 05:15:08 - lstm_qat_crf_True - INFO - New best model saved at epoch 4 with val_loss 23.5717
2026-06-10 05:19:33 - lstm_qat_crf_True - INFO - Epoch 5 train_loss=18.2151, train_acc=0.7920
2026-06-10 05:20:47 - lstm_qat_crf_True - INFO - Epoch 5 val_loss=20.6994, val_acc=0.7474
2026-06-10 05:20:48 - lstm_qat_crf_True - INFO - Saved checkpoint: /content/DEEPLEARNING/results/lstm_qat_crf/checkpoints/005_model.pt
2026-06-10 05:20:48 - lstm_qat_crf_True - INFO - New best model saved at epoch 5 with val_loss 20.6994
2026-06-10 05:25:12 - lstm_qat_crf_True - INFO - Epoch 6 train_loss=15.9406, train_acc=0.7883
2026-06-10 05:26:25 - lstm_qat_crf_True - INFO - Epoch 6 val_loss=18.4592, val_acc=0.7424
2026-06-10 05:26:26 - lstm_qat_crf_True - INFO - Saved checkpoint: /content/DEEPLEARNING/results/lstm_qat_crf/checkpoints/006_model.pt
2026-06-10 05:26:26 - lstm_qat_crf_True - INFO - New best model saved at epoch 6 with val_loss 18.4592
2026-06-10 05:30:51 - lstm_qat_crf_True - INFO - Epoch 7 train_loss=14.1323, train_acc=0.7829
2026-06-10 05:32:05 - lstm_qat_crf_True - INFO - Epoch 7 val_loss=16.5608, val_acc=0.7360
2026-06-10 05:32:05 - lstm_qat_crf_True - INFO - Saved checkpoint: /content/DEEPLEARNING/results/lstm_qat_crf/checkpoints/007_model.pt
2026-06-10 05:32:05 - lstm_qat_crf_True - INFO - New best model saved at epoch 7 with val_loss 16.5608
2026-06-10 05:36:32 - lstm_qat_crf_True - INFO - Epoch 8 train_loss=12.6278, train_acc=0.7777
2026-06-10 05:37:45 - lstm_qat_crf_True - INFO - Epoch 8 val_loss=14.9867, val_acc=0.7293
2026-06-10 05:37:46 - lstm_qat_crf_True - INFO - Saved checkpoint: /content/DEEPLEARNING/results/lstm_qat_crf/checkpoints/008_model.pt
2026-06-10 05:37:46 - lstm_qat_crf_True - INFO - New best model saved at epoch 8 with val_loss 14.9867
2026-06-10 05:42:11 - lstm_qat_crf_True - INFO - Epoch 9 train_loss=11.3681, train_acc=0.7726
2026-06-10 05:43:24 - lstm_qat_crf_True - INFO - Epoch 9 val_loss=13.6455, val_acc=0.7247
2026-06-10 05:43:24 - lstm_qat_crf_True - INFO - Saved checkpoint: /content/DEEPLEARNING/results/lstm_qat_crf/checkpoints/009_model.pt
2026-06-10 05:43:25 - lstm_qat_crf_True - INFO - New best model saved at epoch 9 with val_loss 13.6455
2026-06-10 05:47:51 - lstm_qat_crf_True - INFO - Epoch 10 train_loss=10.2685, train_acc=0.7690
2026-06-10 05:49:05 - lstm_qat_crf_True - INFO - Epoch 10 val_loss=12.4741, val_acc=0.7201
2026-06-10 05:49:05 - lstm_qat_crf_True - INFO - Saved checkpoint: /content/DEEPLEARNING/results/lstm_qat_crf/checkpoints/010_model.pt
2026-06-10 05:49:05 - lstm_qat_crf_True - INFO - New best model saved at epoch 10 with val_loss 12.4741
2026-06-10 05:49:05 - lstm_qat_crf_True - INFO - Loading best checkpoint: /content/DEEPLEARNING/results/lstm_qat_crf/checkpoints/best_model.pt
2026-06-10 05:49:05 - lstm_qat_crf_True - INFO - Loaded checkpoint: /content/DEEPLEARNING/results/lstm_qat_crf/checkpoints/best_model.pt
2026-06-10 05:49:06 - lstm_qat_crf_True - INFO - Model converted to INT8
