2026-06-10 00:53:16 - engine - INFO - Loading training and validation datasets...
2026-06-10 00:53:17 - engine - INFO - Applying Data Augmentation...
2026-06-10 00:53:17 - engine - INFO - 
==================================================
BẮT ĐẦU TRAIN MODEL: LSTM
==================================================
2026-06-10 00:53:17 - engine - INFO - Initializing lstm model for training...
2026-06-10 01:10:53 - engine - INFO - Training completed. Best model for lstm saved at: /content/DEEPLEARNING/results/lstm_crf/checkpoints/best_model.pt
2026-06-10 01:10:53 - engine - INFO - Generating training plots for lstm...
2026-06-10 01:10:54 - engine - INFO - 
==================================================
BẮT ĐẦU TRAIN MODEL: BILSTM
==================================================
2026-06-10 01:10:54 - engine - INFO - Initializing bilstm model for training...
2026-06-10 01:27:12 - engine - INFO - Training completed. Best model for bilstm saved at: /content/DEEPLEARNING/results/bilstm_crf/checkpoints/best_model.pt
2026-06-10 01:27:12 - engine - INFO - Generating training plots for bilstm...
2026-06-10 01:27:12 - engine - INFO - 
==================================================
BẮT ĐẦU TRAIN MODEL: TRANSFORMER
==================================================
2026-06-10 01:27:12 - engine - INFO - Initializing transformer model for training...
2026-06-10 01:45:27 - engine - INFO - Training completed. Best model for transformer saved at: /content/DEEPLEARNING/results/transformer_crf/checkpoints/best_model.pt
2026-06-10 01:45:27 - engine - INFO - Generating training plots for transformer...
2026-06-10 01:45:27 - engine - INFO - 
==================================================
BẮT ĐẦU TRAIN MODEL: PHOBERT
==================================================
2026-06-10 01:45:27 - engine - INFO - Initializing phobert model for training...
2026-06-10 02:50:21 - engine - INFO - Training completed. Best model for phobert saved at: /content/DEEPLEARNING/results/phobert_crf/checkpoints/best_model.pt
2026-06-10 02:50:21 - engine - INFO - Generating training plots for phobert...
2026-06-10 02:50:22 - engine - INFO - 
==================================================
BẮT ĐẦU TRAIN MODEL: PHOBERT-LORA
==================================================
2026-06-10 02:50:22 - engine - INFO - Initializing phobert-lora model for training...
2026-06-10 03:57:10 - engine - INFO - Training completed. Best model for phobert-lora saved at: /content/DEEPLEARNING/results/phobert-lora_crf/checkpoints/best_model.pt
2026-06-10 03:57:10 - engine - INFO - Generating training plots for phobert-lora...
