2026-06-10 03:57:30 - engine - INFO - Loading evaluation (test) dataset...
2026-06-10 03:57:30 - engine - INFO - 
==================================================
BẮT ĐẦU ĐÁNH GIÁ MODEL: LSTM
==================================================
2026-06-10 03:57:30 - engine - INFO - Loading weights from checkpoint: /content/DEEPLEARNING/results/lstm_crf/checkpoints/best_model.pt
2026-06-10 03:57:31 - engine - INFO - Running evaluation cycle...
2026-06-10 03:57:39 - engine - INFO - 
Token-Level Evaluation Report (LSTM):
2026-06-10 03:57:39 - engine - INFO - Overall Accuracy: 0.9553
2026-06-10 03:57:39 - engine - INFO - Macro F1-Score: 0.7352
2026-06-10 03:57:39 - engine - INFO - 
Entity-Level BIO Evaluation Report (LSTM):
2026-06-10 03:57:39 - engine - INFO - Overall F1-Score: 0.8658
2026-06-10 03:57:39 - engine - INFO - 
Detailed Entity Report (LSTM):
                     precision    recall  f1-score   support

                AGE       0.89      0.93      0.91       582
               DATE       0.93      0.93      0.93      1654
             GENDER       0.88      0.94      0.91       462
                JOB       0.59      0.49      0.53       173
           LOCATION       0.84      0.87      0.85      4441
               NAME       0.89      0.75      0.81       318
       ORGANIZATION       0.73      0.77      0.75       771
         PATIENT_ID       0.94      0.95      0.94      2005
SYMPTOM_AND_DISEASE       0.79      0.75      0.77      1136
     TRANSPORTATION       0.91      0.89      0.90       193

          micro avg       0.86      0.87      0.87     11735
          macro avg       0.84      0.83      0.83     11735
       weighted avg       0.86      0.87      0.87     11735

2026-06-10 03:57:41 - engine - INFO - 
==================================================
BẮT ĐẦU ĐÁNH GIÁ MODEL: BILSTM
==================================================
2026-06-10 03:57:41 - engine - INFO - Loading weights from checkpoint: /content/DEEPLEARNING/results/bilstm_crf/checkpoints/best_model.pt
2026-06-10 03:57:42 - engine - INFO - Running evaluation cycle...
2026-06-10 03:57:49 - engine - INFO - 
Token-Level Evaluation Report (BILSTM):
2026-06-10 03:57:49 - engine - INFO - Overall Accuracy: 0.9603
2026-06-10 03:57:49 - engine - INFO - Macro F1-Score: 0.7518
2026-06-10 03:57:49 - engine - INFO - 
Entity-Level BIO Evaluation Report (BILSTM):
2026-06-10 03:57:49 - engine - INFO - Overall F1-Score: 0.8834
2026-06-10 03:57:49 - engine - INFO - 
Detailed Entity Report (BILSTM):
                     precision    recall  f1-score   support

                AGE       0.90      0.96      0.93       582
               DATE       0.96      0.96      0.96      1654
             GENDER       0.91      0.94      0.92       462
                JOB       0.61      0.51      0.56       173
           LOCATION       0.85      0.89      0.87      4441
               NAME       0.92      0.80      0.85       318
       ORGANIZATION       0.79      0.77      0.78       771
         PATIENT_ID       0.96      0.96      0.96      2005
SYMPTOM_AND_DISEASE       0.83      0.74      0.78      1136
     TRANSPORTATION       0.88      0.85      0.86       193

          micro avg       0.88      0.88      0.88     11735
          macro avg       0.86      0.84      0.85     11735
       weighted avg       0.88      0.88      0.88     11735

2026-06-10 03:57:51 - engine - INFO - 
==================================================
BẮT ĐẦU ĐÁNH GIÁ MODEL: TRANSFORMER
==================================================
2026-06-10 03:57:51 - engine - INFO - Loading weights from checkpoint: /content/DEEPLEARNING/results/transformer_crf/checkpoints/best_model.pt
2026-06-10 03:57:51 - engine - INFO - Running evaluation cycle...
2026-06-10 03:57:59 - engine - INFO - 
Token-Level Evaluation Report (TRANSFORMER):
2026-06-10 03:57:59 - engine - INFO - Overall Accuracy: 0.9470
2026-06-10 03:57:59 - engine - INFO - Macro F1-Score: 0.7369
2026-06-10 03:57:59 - engine - INFO - 
Entity-Level BIO Evaluation Report (TRANSFORMER):
2026-06-10 03:57:59 - engine - INFO - Overall F1-Score: 0.8215
2026-06-10 03:57:59 - engine - INFO - 
Detailed Entity Report (TRANSFORMER):
                     precision    recall  f1-score   support

                AGE       0.89      0.93      0.91       582
               DATE       0.89      0.94      0.91      1654
             GENDER       0.93      0.96      0.94       462
                JOB       0.50      0.51      0.50       173
           LOCATION       0.74      0.85      0.79      4441
               NAME       0.79      0.81      0.80       318
       ORGANIZATION       0.70      0.71      0.70       771
         PATIENT_ID       0.92      0.90      0.91      2005
SYMPTOM_AND_DISEASE       0.70      0.70      0.70      1136
     TRANSPORTATION       0.79      0.81      0.80       193

          micro avg       0.80      0.85      0.82     11735
          macro avg       0.78      0.81      0.80     11735
       weighted avg       0.80      0.85      0.82     11735

2026-06-10 03:58:00 - engine - INFO - 
==================================================
BẮT ĐẦU ĐÁNH GIÁ MODEL: PHOBERT
==================================================
2026-06-10 03:58:02 - engine - INFO - Loading weights from checkpoint: /content/DEEPLEARNING/results/phobert_crf/checkpoints/best_model.pt
2026-06-10 03:58:04 - engine - INFO - Running evaluation cycle...
2026-06-10 03:58:26 - engine - INFO - 
Token-Level Evaluation Report (PHOBERT):
2026-06-10 03:58:26 - engine - INFO - Overall Accuracy: 0.9825
2026-06-10 03:58:26 - engine - INFO - Macro F1-Score: 0.8437
2026-06-10 03:58:26 - engine - INFO - 
Entity-Level BIO Evaluation Report (PHOBERT):
2026-06-10 03:58:26 - engine - INFO - Overall F1-Score: 0.9466
2026-06-10 03:58:26 - engine - INFO - 
Detailed Entity Report (PHOBERT):
                     precision    recall  f1-score   support

                AGE       0.96      0.98      0.97       582
               DATE       0.97      0.99      0.98      1654
             GENDER       0.96      0.98      0.97       462
                JOB       0.71      0.82      0.76       173
           LOCATION       0.94      0.95      0.95      4441
               NAME       0.93      0.96      0.94       318
       ORGANIZATION       0.87      0.90      0.89       771
         PATIENT_ID       0.98      0.99      0.98      2005
SYMPTOM_AND_DISEASE       0.87      0.87      0.87      1136
     TRANSPORTATION       0.96      0.96      0.96       193

          micro avg       0.94      0.95      0.95     11735
          macro avg       0.92      0.94      0.93     11735
       weighted avg       0.94      0.95      0.95     11735

2026-06-10 03:58:28 - engine - INFO - 
==================================================
BẮT ĐẦU ĐÁNH GIÁ MODEL: PHOBERT-LORA
==================================================
2026-06-10 03:58:29 - engine - INFO - Loading weights from checkpoint: /content/DEEPLEARNING/results/phobert-lora_crf/checkpoints/best_model.pt
2026-06-10 03:58:30 - engine - INFO - Running evaluation cycle...
2026-06-10 03:58:58 - engine - INFO - 
Token-Level Evaluation Report (PHOBERT-LORA):
2026-06-10 03:58:58 - engine - INFO - Overall Accuracy: 0.9837
2026-06-10 03:58:58 - engine - INFO - Macro F1-Score: 0.8981
2026-06-10 03:58:58 - engine - INFO - 
Entity-Level BIO Evaluation Report (PHOBERT-LORA):
2026-06-10 03:58:58 - engine - INFO - Overall F1-Score: 0.9546
2026-06-10 03:58:58 - engine - INFO - 
Detailed Entity Report (PHOBERT-LORA):
                     precision    recall  f1-score   support

                AGE       0.99      0.98      0.98       582
               DATE       0.98      0.99      0.99      1654
             GENDER       0.97      0.97      0.97       462
                JOB       0.81      0.78      0.80       173
           LOCATION       0.96      0.96      0.96      4441
               NAME       0.95      0.94      0.95       318
       ORGANIZATION       0.89      0.91      0.90       771
         PATIENT_ID       0.98      0.99      0.98      2005
SYMPTOM_AND_DISEASE       0.89      0.89      0.89      1136
     TRANSPORTATION       0.98      0.99      0.98       193

          micro avg       0.95      0.96      0.95     11735
          macro avg       0.94      0.94      0.94     11735
       weighted avg       0.95      0.96      0.95     11735

