2026-06-10 04:50:50 - engine - INFO - Loading evaluation (test) dataset...
2026-06-10 04:50:50 - engine - INFO - 
==================================================
BẮT ĐẦU ĐÁNH GIÁ MODEL: LSTM
==================================================
2026-06-10 04:50:51 - engine - INFO - Loading weights from checkpoint: results/lstm_crf/checkpoints/lstm_quantized_ptq.pt
2026-06-10 04:50:51 - engine - INFO - Quantized checkpoint detected. Loading full model on CPU.
2026-06-10 04:50:51 - engine - INFO - Running evaluation cycle...
2026-06-10 04:51:02 - engine - INFO - 
Token-Level Evaluation Report (LSTM):
2026-06-10 04:51:02 - engine - INFO - Overall Accuracy: 0.9554
2026-06-10 04:51:02 - engine - INFO - Macro F1-Score: 0.7357
2026-06-10 04:51:02 - engine - INFO - 
Entity-Level BIO Evaluation Report (LSTM):
2026-06-10 04:51:02 - engine - INFO - Overall F1-Score: 0.8659
2026-06-10 04:51:02 - engine - INFO - 
Detailed Entity Report (LSTM):
                     precision    recall  f1-score   support

                AGE       0.89      0.93      0.91       582
               DATE       0.93      0.94      0.94      1654
             GENDER       0.88      0.94      0.91       462
                JOB       0.59      0.50      0.54       173
           LOCATION       0.84      0.87      0.85      4441
               NAME       0.89      0.75      0.82       318
       ORGANIZATION       0.72      0.77      0.75       771
         PATIENT_ID       0.94      0.95      0.94      2005
SYMPTOM_AND_DISEASE       0.79      0.75      0.77      1136
     TRANSPORTATION       0.91      0.89      0.90       193

          micro avg       0.86      0.87      0.87     11735
          macro avg       0.84      0.83      0.83     11735
       weighted avg       0.86      0.87      0.87     11735

