2026-06-10 01:45:36 - phobert_crf_True - INFO - Model params: total=135,014,092, trainable=135,014,092
2026-06-10 01:51:29 - phobert_crf_True - INFO - Epoch 1 train_loss=8.9556, train_acc=0.6911
2026-06-10 01:51:58 - phobert_crf_True - INFO - Epoch 1 val_loss=2.6657, val_acc=0.6554
2026-06-10 01:52:01 - phobert_crf_True - INFO - Saved checkpoint: /content/DEEPLEARNING/results/phobert_crf/checkpoints/001_model.pt
2026-06-10 01:52:05 - phobert_crf_True - INFO - New best model saved at epoch 1 with val_loss 2.6657
2026-06-10 01:58:00 - phobert_crf_True - INFO - Epoch 2 train_loss=1.6078, train_acc=0.6792
2026-06-10 01:58:30 - phobert_crf_True - INFO - Epoch 2 val_loss=1.9542, val_acc=0.6570
2026-06-10 01:58:32 - phobert_crf_True - INFO - Saved checkpoint: /content/DEEPLEARNING/results/phobert_crf/checkpoints/002_model.pt
2026-06-10 01:58:37 - phobert_crf_True - INFO - New best model saved at epoch 2 with val_loss 1.9542
2026-06-10 02:04:31 - phobert_crf_True - INFO - Epoch 3 train_loss=0.9782, train_acc=0.6799
2026-06-10 02:05:01 - phobert_crf_True - INFO - Epoch 3 val_loss=2.0402, val_acc=0.6566
2026-06-10 02:05:03 - phobert_crf_True - INFO - Saved checkpoint: /content/DEEPLEARNING/results/phobert_crf/checkpoints/003_model.pt
2026-06-10 02:10:58 - phobert_crf_True - INFO - Epoch 4 train_loss=0.8228, train_acc=0.6805
2026-06-10 02:11:27 - phobert_crf_True - INFO - Epoch 4 val_loss=1.9070, val_acc=0.6569
2026-06-10 02:11:32 - phobert_crf_True - INFO - Saved checkpoint: /content/DEEPLEARNING/results/phobert_crf/checkpoints/004_model.pt
2026-06-10 02:11:36 - phobert_crf_True - INFO - New best model saved at epoch 4 with val_loss 1.9070
2026-06-10 02:17:28 - phobert_crf_True - INFO - Epoch 5 train_loss=0.5257, train_acc=0.6804
2026-06-10 02:17:58 - phobert_crf_True - INFO - Epoch 5 val_loss=1.8875, val_acc=0.6578
2026-06-10 02:18:03 - phobert_crf_True - INFO - Saved checkpoint: /content/DEEPLEARNING/results/phobert_crf/checkpoints/005_model.pt
2026-06-10 02:18:07 - phobert_crf_True - INFO - New best model saved at epoch 5 with val_loss 1.8875
2026-06-10 02:24:00 - phobert_crf_True - INFO - Epoch 6 train_loss=0.4364, train_acc=0.6809
2026-06-10 02:24:30 - phobert_crf_True - INFO - Epoch 6 val_loss=2.0284, val_acc=0.6588
2026-06-10 02:24:33 - phobert_crf_True - INFO - Saved checkpoint: /content/DEEPLEARNING/results/phobert_crf/checkpoints/006_model.pt
2026-06-10 02:30:27 - phobert_crf_True - INFO - Epoch 7 train_loss=0.3890, train_acc=0.6806
2026-06-10 02:30:56 - phobert_crf_True - INFO - Epoch 7 val_loss=2.0146, val_acc=0.6577
2026-06-10 02:31:01 - phobert_crf_True - INFO - Saved checkpoint: /content/DEEPLEARNING/results/phobert_crf/checkpoints/007_model.pt
2026-06-10 02:36:55 - phobert_crf_True - INFO - Epoch 8 train_loss=0.2216, train_acc=0.6809
2026-06-10 02:37:24 - phobert_crf_True - INFO - Epoch 8 val_loss=2.1909, val_acc=0.6567
2026-06-10 02:37:29 - phobert_crf_True - INFO - Saved checkpoint: /content/DEEPLEARNING/results/phobert_crf/checkpoints/008_model.pt
2026-06-10 02:43:22 - phobert_crf_True - INFO - Epoch 9 train_loss=0.1734, train_acc=0.6810
2026-06-10 02:43:52 - phobert_crf_True - INFO - Epoch 9 val_loss=2.1941, val_acc=0.6569
2026-06-10 02:43:55 - phobert_crf_True - INFO - Saved checkpoint: /content/DEEPLEARNING/results/phobert_crf/checkpoints/009_model.pt
2026-06-10 02:49:49 - phobert_crf_True - INFO - Epoch 10 train_loss=0.1294, train_acc=0.6810
2026-06-10 02:50:18 - phobert_crf_True - INFO - Epoch 10 val_loss=2.3322, val_acc=0.6577
2026-06-10 02:50:21 - phobert_crf_True - INFO - Saved checkpoint: /content/DEEPLEARNING/results/phobert_crf/checkpoints/010_model.pt
2026-06-10 02:50:21 - phobert_crf_True - INFO - Early stopping triggered
