2026-06-10 01:10:54 - bilstm_crf_True - INFO - Model params: total=20,353,484, trainable=20,353,484
2026-06-10 01:12:32 - bilstm_crf_True - INFO - Epoch 1 train_loss=10.8137, train_acc=0.7043
2026-06-10 01:12:42 - bilstm_crf_True - INFO - Epoch 1 val_loss=5.0348, val_acc=0.6709
2026-06-10 01:12:42 - bilstm_crf_True - INFO - Saved checkpoint: /content/DEEPLEARNING/results/bilstm_crf/checkpoints/001_model.pt
2026-06-10 01:12:42 - bilstm_crf_True - INFO - New best model saved at epoch 1 with val_loss 5.0348
2026-06-10 01:14:21 - bilstm_crf_True - INFO - Epoch 2 train_loss=2.0545, train_acc=0.6834
2026-06-10 01:14:30 - bilstm_crf_True - INFO - Epoch 2 val_loss=3.2735, val_acc=0.6578
2026-06-10 01:14:31 - bilstm_crf_True - INFO - Saved checkpoint: /content/DEEPLEARNING/results/bilstm_crf/checkpoints/002_model.pt
2026-06-10 01:14:31 - bilstm_crf_True - INFO - New best model saved at epoch 2 with val_loss 3.2735
2026-06-10 01:16:10 - bilstm_crf_True - INFO - Epoch 3 train_loss=0.8610, train_acc=0.6828
2026-06-10 01:16:20 - bilstm_crf_True - INFO - Epoch 3 val_loss=3.1421, val_acc=0.6602
2026-06-10 01:16:20 - bilstm_crf_True - INFO - Saved checkpoint: /content/DEEPLEARNING/results/bilstm_crf/checkpoints/003_model.pt
2026-06-10 01:16:20 - bilstm_crf_True - INFO - New best model saved at epoch 3 with val_loss 3.1421
2026-06-10 01:17:58 - bilstm_crf_True - INFO - Epoch 4 train_loss=0.2931, train_acc=0.6831
2026-06-10 01:18:08 - bilstm_crf_True - INFO - Epoch 4 val_loss=3.0454, val_acc=0.6582
2026-06-10 01:18:09 - bilstm_crf_True - INFO - Saved checkpoint: /content/DEEPLEARNING/results/bilstm_crf/checkpoints/004_model.pt
2026-06-10 01:18:09 - bilstm_crf_True - INFO - New best model saved at epoch 4 with val_loss 3.0454
2026-06-10 01:19:47 - bilstm_crf_True - INFO - Epoch 5 train_loss=-0.1113, train_acc=0.6828
2026-06-10 01:19:57 - bilstm_crf_True - INFO - Epoch 5 val_loss=4.2772, val_acc=0.6659
2026-06-10 01:19:57 - bilstm_crf_True - INFO - Saved checkpoint: /content/DEEPLEARNING/results/bilstm_crf/checkpoints/005_model.pt
2026-06-10 01:21:35 - bilstm_crf_True - INFO - Epoch 6 train_loss=-0.4055, train_acc=0.6832
2026-06-10 01:21:45 - bilstm_crf_True - INFO - Epoch 6 val_loss=3.3182, val_acc=0.6605
2026-06-10 01:21:45 - bilstm_crf_True - INFO - Saved checkpoint: /content/DEEPLEARNING/results/bilstm_crf/checkpoints/006_model.pt
2026-06-10 01:23:24 - bilstm_crf_True - INFO - Epoch 7 train_loss=-0.6326, train_acc=0.6830
2026-06-10 01:23:34 - bilstm_crf_True - INFO - Epoch 7 val_loss=3.2387, val_acc=0.6596
2026-06-10 01:23:34 - bilstm_crf_True - INFO - Saved checkpoint: /content/DEEPLEARNING/results/bilstm_crf/checkpoints/007_model.pt
2026-06-10 01:25:13 - bilstm_crf_True - INFO - Epoch 8 train_loss=-0.7622, train_acc=0.6832
2026-06-10 01:25:23 - bilstm_crf_True - INFO - Epoch 8 val_loss=3.7691, val_acc=0.6609
2026-06-10 01:25:23 - bilstm_crf_True - INFO - Saved checkpoint: /content/DEEPLEARNING/results/bilstm_crf/checkpoints/008_model.pt
2026-06-10 01:27:01 - bilstm_crf_True - INFO - Epoch 9 train_loss=-0.8464, train_acc=0.6832
2026-06-10 01:27:11 - bilstm_crf_True - INFO - Epoch 9 val_loss=3.7416, val_acc=0.6610
2026-06-10 01:27:12 - bilstm_crf_True - INFO - Saved checkpoint: /content/DEEPLEARNING/results/bilstm_crf/checkpoints/009_model.pt
2026-06-10 01:27:12 - bilstm_crf_True - INFO - Early stopping triggered
