2026-06-10 02:50:23 - phobert-lora_crf_True - INFO - Model params: total=137,692,876, trainable=2,694,604
2026-06-10 02:56:23 - phobert-lora_crf_True - INFO - Epoch 1 train_loss=19.0205, train_acc=0.6423
2026-06-10 02:57:00 - phobert-lora_crf_True - INFO - Epoch 1 val_loss=2.0633, val_acc=0.6571
2026-06-10 02:57:01 - phobert-lora_crf_True - INFO - Saved checkpoint: /content/DEEPLEARNING/results/phobert-lora_crf/checkpoints/001_model.pt
2026-06-10 02:57:02 - phobert-lora_crf_True - INFO - New best model saved at epoch 1 with val_loss 2.0633
2026-06-10 03:03:01 - phobert-lora_crf_True - INFO - Epoch 2 train_loss=1.2226, train_acc=0.6788
2026-06-10 03:03:38 - phobert-lora_crf_True - INFO - Epoch 2 val_loss=1.3602, val_acc=0.6559
2026-06-10 03:03:39 - phobert-lora_crf_True - INFO - Saved checkpoint: /content/DEEPLEARNING/results/phobert-lora_crf/checkpoints/002_model.pt
2026-06-10 03:03:40 - phobert-lora_crf_True - INFO - New best model saved at epoch 2 with val_loss 1.3602
2026-06-10 03:09:40 - phobert-lora_crf_True - INFO - Epoch 3 train_loss=0.5814, train_acc=0.6803
2026-06-10 03:10:18 - phobert-lora_crf_True - INFO - Epoch 3 val_loss=1.1974, val_acc=0.6595
2026-06-10 03:10:18 - phobert-lora_crf_True - INFO - Saved checkpoint: /content/DEEPLEARNING/results/phobert-lora_crf/checkpoints/003_model.pt
2026-06-10 03:10:19 - phobert-lora_crf_True - INFO - New best model saved at epoch 3 with val_loss 1.1974
2026-06-10 03:16:20 - phobert-lora_crf_True - INFO - Epoch 4 train_loss=0.1958, train_acc=0.6798
2026-06-10 03:16:57 - phobert-lora_crf_True - INFO - Epoch 4 val_loss=1.0678, val_acc=0.6555
2026-06-10 03:16:58 - phobert-lora_crf_True - INFO - Saved checkpoint: /content/DEEPLEARNING/results/phobert-lora_crf/checkpoints/004_model.pt
2026-06-10 03:16:58 - phobert-lora_crf_True - INFO - New best model saved at epoch 4 with val_loss 1.0678
2026-06-10 03:22:58 - phobert-lora_crf_True - INFO - Epoch 5 train_loss=-0.1201, train_acc=0.6798
2026-06-10 03:23:36 - phobert-lora_crf_True - INFO - Epoch 5 val_loss=0.8662, val_acc=0.6565
2026-06-10 03:23:36 - phobert-lora_crf_True - INFO - Saved checkpoint: /content/DEEPLEARNING/results/phobert-lora_crf/checkpoints/005_model.pt
2026-06-10 03:23:43 - phobert-lora_crf_True - INFO - New best model saved at epoch 5 with val_loss 0.8662
2026-06-10 03:29:44 - phobert-lora_crf_True - INFO - Epoch 6 train_loss=-0.3485, train_acc=0.6802
2026-06-10 03:30:21 - phobert-lora_crf_True - INFO - Epoch 6 val_loss=0.7342, val_acc=0.6558
2026-06-10 03:30:22 - phobert-lora_crf_True - INFO - Saved checkpoint: /content/DEEPLEARNING/results/phobert-lora_crf/checkpoints/006_model.pt
2026-06-10 03:30:28 - phobert-lora_crf_True - INFO - New best model saved at epoch 6 with val_loss 0.7342
2026-06-10 03:36:30 - phobert-lora_crf_True - INFO - Epoch 7 train_loss=-0.5282, train_acc=0.6803
2026-06-10 03:37:07 - phobert-lora_crf_True - INFO - Epoch 7 val_loss=0.7185, val_acc=0.6571
2026-06-10 03:37:07 - phobert-lora_crf_True - INFO - Saved checkpoint: /content/DEEPLEARNING/results/phobert-lora_crf/checkpoints/007_model.pt
2026-06-10 03:37:14 - phobert-lora_crf_True - INFO - New best model saved at epoch 7 with val_loss 0.7185
2026-06-10 03:43:14 - phobert-lora_crf_True - INFO - Epoch 8 train_loss=-0.6864, train_acc=0.6805
2026-06-10 03:43:51 - phobert-lora_crf_True - INFO - Epoch 8 val_loss=0.7385, val_acc=0.6577
2026-06-10 03:43:52 - phobert-lora_crf_True - INFO - Saved checkpoint: /content/DEEPLEARNING/results/phobert-lora_crf/checkpoints/008_model.pt
2026-06-10 03:49:52 - phobert-lora_crf_True - INFO - Epoch 9 train_loss=-0.8066, train_acc=0.6806
2026-06-10 03:50:29 - phobert-lora_crf_True - INFO - Epoch 9 val_loss=0.6737, val_acc=0.6575
2026-06-10 03:50:30 - phobert-lora_crf_True - INFO - Saved checkpoint: /content/DEEPLEARNING/results/phobert-lora_crf/checkpoints/009_model.pt
2026-06-10 03:50:32 - phobert-lora_crf_True - INFO - New best model saved at epoch 9 with val_loss 0.6737
2026-06-10 03:56:32 - phobert-lora_crf_True - INFO - Epoch 10 train_loss=-0.8739, train_acc=0.6806
2026-06-10 03:57:09 - phobert-lora_crf_True - INFO - Epoch 10 val_loss=0.6850, val_acc=0.6576
2026-06-10 03:57:10 - phobert-lora_crf_True - INFO - Saved checkpoint: /content/DEEPLEARNING/results/phobert-lora_crf/checkpoints/010_model.pt
