2026-06-10 00:53:17 - lstm_crf_True - INFO - Model params: total=19,776,972, trainable=19,776,972
2026-06-10 00:54:54 - lstm_crf_True - INFO - Epoch 1 train_loss=13.4600, train_acc=0.7068
2026-06-10 00:55:03 - lstm_crf_True - INFO - Epoch 1 val_loss=5.8119, val_acc=0.6630
2026-06-10 00:55:04 - lstm_crf_True - INFO - Saved checkpoint: /content/DEEPLEARNING/results/lstm_crf/checkpoints/001_model.pt
2026-06-10 00:55:04 - lstm_crf_True - INFO - New best model saved at epoch 1 with val_loss 5.8119
2026-06-10 00:56:39 - lstm_crf_True - INFO - Epoch 2 train_loss=3.1947, train_acc=0.6804
2026-06-10 00:56:48 - lstm_crf_True - INFO - Epoch 2 val_loss=4.4306, val_acc=0.6584
2026-06-10 00:56:49 - lstm_crf_True - INFO - Saved checkpoint: /content/DEEPLEARNING/results/lstm_crf/checkpoints/002_model.pt
2026-06-10 00:56:49 - lstm_crf_True - INFO - New best model saved at epoch 2 with val_loss 4.4306
2026-06-10 00:58:24 - lstm_crf_True - INFO - Epoch 3 train_loss=1.7694, train_acc=0.6799
2026-06-10 00:58:34 - lstm_crf_True - INFO - Epoch 3 val_loss=3.5758, val_acc=0.6561
2026-06-10 00:58:34 - lstm_crf_True - INFO - Saved checkpoint: /content/DEEPLEARNING/results/lstm_crf/checkpoints/003_model.pt
2026-06-10 00:58:34 - lstm_crf_True - INFO - New best model saved at epoch 3 with val_loss 3.5758
2026-06-10 01:00:09 - lstm_crf_True - INFO - Epoch 4 train_loss=0.9933, train_acc=0.6803
2026-06-10 01:00:19 - lstm_crf_True - INFO - Epoch 4 val_loss=3.5872, val_acc=0.6558
2026-06-10 01:00:19 - lstm_crf_True - INFO - Saved checkpoint: /content/DEEPLEARNING/results/lstm_crf/checkpoints/004_model.pt
2026-06-10 01:01:55 - lstm_crf_True - INFO - Epoch 5 train_loss=0.5094, train_acc=0.6811
2026-06-10 01:02:04 - lstm_crf_True - INFO - Epoch 5 val_loss=3.3600, val_acc=0.6544
2026-06-10 01:02:05 - lstm_crf_True - INFO - Saved checkpoint: /content/DEEPLEARNING/results/lstm_crf/checkpoints/005_model.pt
2026-06-10 01:02:05 - lstm_crf_True - INFO - New best model saved at epoch 5 with val_loss 3.3600
2026-06-10 01:03:40 - lstm_crf_True - INFO - Epoch 6 train_loss=0.1260, train_acc=0.6816
2026-06-10 01:03:50 - lstm_crf_True - INFO - Epoch 6 val_loss=3.5390, val_acc=0.6565
2026-06-10 01:03:50 - lstm_crf_True - INFO - Saved checkpoint: /content/DEEPLEARNING/results/lstm_crf/checkpoints/006_model.pt
2026-06-10 01:05:26 - lstm_crf_True - INFO - Epoch 7 train_loss=-0.1802, train_acc=0.6819
2026-06-10 01:05:36 - lstm_crf_True - INFO - Epoch 7 val_loss=3.6449, val_acc=0.6578
2026-06-10 01:05:36 - lstm_crf_True - INFO - Saved checkpoint: /content/DEEPLEARNING/results/lstm_crf/checkpoints/007_model.pt
2026-06-10 01:07:12 - lstm_crf_True - INFO - Epoch 8 train_loss=-0.4855, train_acc=0.6826
2026-06-10 01:07:22 - lstm_crf_True - INFO - Epoch 8 val_loss=4.0053, val_acc=0.6593
2026-06-10 01:07:22 - lstm_crf_True - INFO - Saved checkpoint: /content/DEEPLEARNING/results/lstm_crf/checkpoints/008_model.pt
2026-06-10 01:08:58 - lstm_crf_True - INFO - Epoch 9 train_loss=-0.6429, train_acc=0.6826
2026-06-10 01:09:07 - lstm_crf_True - INFO - Epoch 9 val_loss=3.6919, val_acc=0.6571
2026-06-10 01:09:08 - lstm_crf_True - INFO - Saved checkpoint: /content/DEEPLEARNING/results/lstm_crf/checkpoints/009_model.pt
2026-06-10 01:10:43 - lstm_crf_True - INFO - Epoch 10 train_loss=-0.7688, train_acc=0.6830
2026-06-10 01:10:53 - lstm_crf_True - INFO - Epoch 10 val_loss=3.8559, val_acc=0.6576
2026-06-10 01:10:53 - lstm_crf_True - INFO - Saved checkpoint: /content/DEEPLEARNING/results/lstm_crf/checkpoints/010_model.pt
2026-06-10 01:10:53 - lstm_crf_True - INFO - Early stopping triggered
