2026-06-10 04:49:19 - bilstm_qat_crf_False - INFO - Model params: total=20,353,044, trainable=20,353,044
2026-06-10 04:49:19 - bilstm_qat_crf_False - INFO - === STARTING QAT PIPELINE ===
2026-06-10 04:49:19 - bilstm_qat_crf_False - INFO - Auto preparing model for QAT...
2026-06-10 04:49:19 - bilstm_qat_crf_False - INFO - Model prepared for QAT (FakeQuant nodes attached)
2026-06-10 04:53:28 - bilstm_qat_crf_False - INFO - Epoch 1 train_loss=2.5622, train_acc=0.7568
2026-06-10 04:54:37 - bilstm_qat_crf_False - INFO - Epoch 1 val_loss=2.2190, val_acc=0.7507
2026-06-10 04:54:44 - bilstm_qat_crf_False - INFO - Saved checkpoint: /content/DEEPLEARNING/results/bilstm_qat/checkpoints/001_model.pt
2026-06-10 04:54:50 - bilstm_qat_crf_False - INFO - New best model saved at epoch 1 with val_loss 2.2190
2026-06-10 04:59:03 - bilstm_qat_crf_False - INFO - Epoch 2 train_loss=1.8476, train_acc=0.7910
2026-06-10 05:00:12 - bilstm_qat_crf_False - INFO - Epoch 2 val_loss=1.6108, val_acc=0.7492
2026-06-10 05:00:19 - bilstm_qat_crf_False - INFO - Saved checkpoint: /content/DEEPLEARNING/results/bilstm_qat/checkpoints/002_model.pt
2026-06-10 05:00:35 - bilstm_qat_crf_False - INFO - New best model saved at epoch 2 with val_loss 1.6108
2026-06-10 05:04:54 - bilstm_qat_crf_False - INFO - Epoch 3 train_loss=1.3091, train_acc=0.7906
2026-06-10 05:06:05 - bilstm_qat_crf_False - INFO - Epoch 3 val_loss=1.2212, val_acc=0.7494
2026-06-10 05:06:40 - bilstm_qat_crf_False - INFO - Saved checkpoint: /content/DEEPLEARNING/results/bilstm_qat/checkpoints/003_model.pt
2026-06-10 05:06:44 - bilstm_qat_crf_False - INFO - New best model saved at epoch 3 with val_loss 1.2212
2026-06-10 05:11:01 - bilstm_qat_crf_False - INFO - Epoch 4 train_loss=1.0081, train_acc=0.7930
2026-06-10 05:12:12 - bilstm_qat_crf_False - INFO - Epoch 4 val_loss=1.0164, val_acc=0.7540
2026-06-10 05:12:13 - bilstm_qat_crf_False - INFO - Saved checkpoint: /content/DEEPLEARNING/results/bilstm_qat/checkpoints/004_model.pt
2026-06-10 05:12:24 - bilstm_qat_crf_False - INFO - New best model saved at epoch 4 with val_loss 1.0164
2026-06-10 05:16:36 - bilstm_qat_crf_False - INFO - Epoch 5 train_loss=0.8431, train_acc=0.8017
2026-06-10 05:17:46 - bilstm_qat_crf_False - INFO - Epoch 5 val_loss=0.8921, val_acc=0.7619
2026-06-10 05:17:47 - bilstm_qat_crf_False - INFO - Saved checkpoint: /content/DEEPLEARNING/results/bilstm_qat/checkpoints/005_model.pt
2026-06-10 05:17:58 - bilstm_qat_crf_False - INFO - New best model saved at epoch 5 with val_loss 0.8921
2026-06-10 05:22:11 - bilstm_qat_crf_False - INFO - Epoch 6 train_loss=0.7371, train_acc=0.8101
2026-06-10 05:23:22 - bilstm_qat_crf_False - INFO - Epoch 6 val_loss=0.8014, val_acc=0.7721
2026-06-10 05:23:40 - bilstm_qat_crf_False - INFO - Saved checkpoint: /content/DEEPLEARNING/results/bilstm_qat/checkpoints/006_model.pt
2026-06-10 05:23:58 - bilstm_qat_crf_False - INFO - New best model saved at epoch 6 with val_loss 0.8014
2026-06-10 05:28:12 - bilstm_qat_crf_False - INFO - Epoch 7 train_loss=0.6541, train_acc=0.8239
2026-06-10 05:29:21 - bilstm_qat_crf_False - INFO - Epoch 7 val_loss=0.7241, val_acc=0.7919
2026-06-10 05:29:46 - bilstm_qat_crf_False - INFO - Saved checkpoint: /content/DEEPLEARNING/results/bilstm_qat/checkpoints/007_model.pt
2026-06-10 05:30:04 - bilstm_qat_crf_False - INFO - New best model saved at epoch 7 with val_loss 0.7241
2026-06-10 05:34:13 - bilstm_qat_crf_False - INFO - Epoch 8 train_loss=0.5801, train_acc=0.8426
2026-06-10 05:35:20 - bilstm_qat_crf_False - INFO - Epoch 8 val_loss=0.6565, val_acc=0.8123
2026-06-10 05:35:56 - bilstm_qat_crf_False - INFO - Saved checkpoint: /content/DEEPLEARNING/results/bilstm_qat/checkpoints/008_model.pt
2026-06-10 05:35:57 - bilstm_qat_crf_False - INFO - New best model saved at epoch 8 with val_loss 0.6565
2026-06-10 05:40:09 - bilstm_qat_crf_False - INFO - Epoch 9 train_loss=0.5191, train_acc=0.8589
2026-06-10 05:41:18 - bilstm_qat_crf_False - INFO - Epoch 9 val_loss=0.6009, val_acc=0.8267
2026-06-10 05:41:44 - bilstm_qat_crf_False - INFO - Saved checkpoint: /content/DEEPLEARNING/results/bilstm_qat/checkpoints/009_model.pt
2026-06-10 05:41:46 - bilstm_qat_crf_False - INFO - New best model saved at epoch 9 with val_loss 0.6009
2026-06-10 05:45:54 - bilstm_qat_crf_False - INFO - Epoch 10 train_loss=0.4655, train_acc=0.8741
2026-06-10 05:47:02 - bilstm_qat_crf_False - INFO - Epoch 10 val_loss=0.5518, val_acc=0.8395
2026-06-10 05:47:37 - bilstm_qat_crf_False - INFO - Saved checkpoint: /content/DEEPLEARNING/results/bilstm_qat/checkpoints/010_model.pt
2026-06-10 05:47:42 - bilstm_qat_crf_False - INFO - New best model saved at epoch 10 with val_loss 0.5518
2026-06-10 05:47:42 - bilstm_qat_crf_False - INFO - Loading best checkpoint: /content/DEEPLEARNING/results/bilstm_qat/checkpoints/best_model.pt
2026-06-10 05:47:42 - bilstm_qat_crf_False - INFO - Loaded checkpoint: /content/DEEPLEARNING/results/bilstm_qat/checkpoints/best_model.pt
2026-06-10 05:47:43 - bilstm_qat_crf_False - INFO - Model converted to INT8
