2026-06-10 04:15:25 - student_distilled_bilstm_crf_True - INFO - Model params: total=20,353,484, trainable=20,353,484
2026-06-10 04:16:54 - student_distilled_bilstm_crf_True - INFO - Epoch 1 train_loss=5.3303, train_acc=0.7427
2026-06-10 04:17:03 - student_distilled_bilstm_crf_True - INFO - Epoch 1 val_loss=6.5994, val_acc=0.6630
2026-06-10 04:17:04 - student_distilled_bilstm_crf_True - INFO - Saved checkpoint: /content/DEEPLEARNING/results/bilstm_distilled_crf/checkpoints/001_model.pt
2026-06-10 04:17:04 - student_distilled_bilstm_crf_True - INFO - New best model saved at epoch 1 with val_loss 6.5994
2026-06-10 04:18:32 - student_distilled_bilstm_crf_True - INFO - Epoch 2 train_loss=1.4277, train_acc=0.7115
2026-06-10 04:18:42 - student_distilled_bilstm_crf_True - INFO - Epoch 2 val_loss=4.7460, val_acc=0.6656
2026-06-10 04:18:42 - student_distilled_bilstm_crf_True - INFO - Saved checkpoint: /content/DEEPLEARNING/results/bilstm_distilled_crf/checkpoints/002_model.pt
2026-06-10 04:18:42 - student_distilled_bilstm_crf_True - INFO - New best model saved at epoch 2 with val_loss 4.7460
2026-06-10 04:20:10 - student_distilled_bilstm_crf_True - INFO - Epoch 3 train_loss=0.9049, train_acc=0.7100
2026-06-10 04:20:20 - student_distilled_bilstm_crf_True - INFO - Epoch 3 val_loss=3.8009, val_acc=0.6626
2026-06-10 04:20:20 - student_distilled_bilstm_crf_True - INFO - Saved checkpoint: /content/DEEPLEARNING/results/bilstm_distilled_crf/checkpoints/003_model.pt
2026-06-10 04:20:21 - student_distilled_bilstm_crf_True - INFO - New best model saved at epoch 3 with val_loss 3.8009
2026-06-10 04:21:48 - student_distilled_bilstm_crf_True - INFO - Epoch 4 train_loss=0.6470, train_acc=0.7094
2026-06-10 04:21:58 - student_distilled_bilstm_crf_True - INFO - Epoch 4 val_loss=3.6200, val_acc=0.6633
2026-06-10 04:21:59 - student_distilled_bilstm_crf_True - INFO - Saved checkpoint: /content/DEEPLEARNING/results/bilstm_distilled_crf/checkpoints/004_model.pt
2026-06-10 04:21:59 - student_distilled_bilstm_crf_True - INFO - New best model saved at epoch 4 with val_loss 3.6200
2026-06-10 04:23:27 - student_distilled_bilstm_crf_True - INFO - Epoch 5 train_loss=0.4781, train_acc=0.7089
2026-06-10 04:23:37 - student_distilled_bilstm_crf_True - INFO - Epoch 5 val_loss=3.2577, val_acc=0.6603
2026-06-10 04:23:37 - student_distilled_bilstm_crf_True - INFO - Saved checkpoint: /content/DEEPLEARNING/results/bilstm_distilled_crf/checkpoints/005_model.pt
2026-06-10 04:23:37 - student_distilled_bilstm_crf_True - INFO - New best model saved at epoch 5 with val_loss 3.2577
2026-06-10 04:25:05 - student_distilled_bilstm_crf_True - INFO - Epoch 6 train_loss=0.3592, train_acc=0.7087
2026-06-10 04:25:15 - student_distilled_bilstm_crf_True - INFO - Epoch 6 val_loss=3.3117, val_acc=0.6622
2026-06-10 04:25:16 - student_distilled_bilstm_crf_True - INFO - Saved checkpoint: /content/DEEPLEARNING/results/bilstm_distilled_crf/checkpoints/006_model.pt
2026-06-10 04:26:44 - student_distilled_bilstm_crf_True - INFO - Epoch 7 train_loss=0.2751, train_acc=0.7088
2026-06-10 04:26:54 - student_distilled_bilstm_crf_True - INFO - Epoch 7 val_loss=3.6492, val_acc=0.6643
2026-06-10 04:26:54 - student_distilled_bilstm_crf_True - INFO - Saved checkpoint: /content/DEEPLEARNING/results/bilstm_distilled_crf/checkpoints/007_model.pt
2026-06-10 04:28:23 - student_distilled_bilstm_crf_True - INFO - Epoch 8 train_loss=0.1904, train_acc=0.7088
2026-06-10 04:28:33 - student_distilled_bilstm_crf_True - INFO - Epoch 8 val_loss=3.2515, val_acc=0.6622
2026-06-10 04:28:33 - student_distilled_bilstm_crf_True - INFO - Saved checkpoint: /content/DEEPLEARNING/results/bilstm_distilled_crf/checkpoints/008_model.pt
2026-06-10 04:28:34 - student_distilled_bilstm_crf_True - INFO - New best model saved at epoch 8 with val_loss 3.2515
2026-06-10 04:30:02 - student_distilled_bilstm_crf_True - INFO - Epoch 9 train_loss=0.1525, train_acc=0.7089
2026-06-10 04:30:12 - student_distilled_bilstm_crf_True - INFO - Epoch 9 val_loss=3.4531, val_acc=0.6624
2026-06-10 04:30:12 - student_distilled_bilstm_crf_True - INFO - Saved checkpoint: /content/DEEPLEARNING/results/bilstm_distilled_crf/checkpoints/009_model.pt
2026-06-10 04:31:40 - student_distilled_bilstm_crf_True - INFO - Epoch 10 train_loss=0.1248, train_acc=0.7089
2026-06-10 04:31:50 - student_distilled_bilstm_crf_True - INFO - Epoch 10 val_loss=3.2603, val_acc=0.6617
2026-06-10 04:31:50 - student_distilled_bilstm_crf_True - INFO - Saved checkpoint: /content/DEEPLEARNING/results/bilstm_distilled_crf/checkpoints/010_model.pt
